
C:\Users\Ins1derFT\source\repos\GetTable\x64\Release\opencv_core4.dll
C:\Users\Ins1derFT\source\repos\GetTable\x64\Release\zlib1.dll
C:\Users\Ins1derFT\source\repos\GetTable\x64\Release\opencv_imgcodecs4.dll
C:\Users\Ins1derFT\source\repos\GetTable\x64\Release\opencv_imgproc4.dll
C:\Users\Ins1derFT\source\repos\GetTable\x64\Release\jpeg62.dll
C:\Users\Ins1derFT\source\repos\GetTable\x64\Release\libwebpdecoder.dll
C:\Users\Ins1derFT\source\repos\GetTable\x64\Release\libwebp.dll
C:\Users\Ins1derFT\source\repos\GetTable\x64\Release\libsharpyuv.dll
C:\Users\Ins1derFT\source\repos\GetTable\x64\Release\libpng16.dll
C:\Users\Ins1derFT\source\repos\GetTable\x64\Release\tiff.dll
C:\Users\Ins1derFT\source\repos\GetTable\x64\Release\liblzma.dll
C:\Users\Ins1derFT\source\repos\GetTable\x64\Release\tesseract53.dll
C:\Users\Ins1derFT\source\repos\GetTable\x64\Release\archive.dll
C:\Users\Ins1derFT\source\repos\GetTable\x64\Release\bz2.dll
C:\Users\Ins1derFT\source\repos\GetTable\x64\Release\lz4.dll
C:\Users\Ins1derFT\source\repos\GetTable\x64\Release\zstd.dll
C:\Users\Ins1derFT\source\repos\GetTable\x64\Release\libcrypto-3-x64.dll
C:\Users\Ins1derFT\source\repos\GetTable\x64\Release\libcurl.dll
C:\Users\Ins1derFT\source\repos\GetTable\x64\Release\leptonica-1.83.1.dll
C:\Users\Ins1derFT\source\repos\GetTable\x64\Release\gif.dll
C:\Users\Ins1derFT\source\repos\GetTable\x64\Release\openjp2.dll
C:\Users\Ins1derFT\source\repos\GetTable\x64\Release\libwebpmux.dll
