
C:\Users\Ins1derFT\Documents\GitHub\GetTable\build\Release\tesseract53.dll
C:\Users\Ins1derFT\Documents\GitHub\GetTable\build\Release\archive.dll
C:\Users\Ins1derFT\Documents\GitHub\GetTable\build\Release\zlib1.dll
C:\Users\Ins1derFT\Documents\GitHub\GetTable\build\Release\bz2.dll
C:\Users\Ins1derFT\Documents\GitHub\GetTable\build\Release\liblzma.dll
C:\Users\Ins1derFT\Documents\GitHub\GetTable\build\Release\lz4.dll
C:\Users\Ins1derFT\Documents\GitHub\GetTable\build\Release\zstd.dll
C:\Users\Ins1derFT\Documents\GitHub\GetTable\build\Release\libcrypto-3-x64.dll
C:\Users\Ins1derFT\Documents\GitHub\GetTable\build\Release\libcurl.dll
C:\Users\Ins1derFT\Documents\GitHub\GetTable\build\Release\leptonica-1.83.1.dll
C:\Users\Ins1derFT\Documents\GitHub\GetTable\build\Release\gif.dll
C:\Users\Ins1derFT\Documents\GitHub\GetTable\build\Release\jpeg62.dll
C:\Users\Ins1derFT\Documents\GitHub\GetTable\build\Release\openjp2.dll
C:\Users\Ins1derFT\Documents\GitHub\GetTable\build\Release\libpng16.dll
C:\Users\Ins1derFT\Documents\GitHub\GetTable\build\Release\tiff.dll
C:\Users\Ins1derFT\Documents\GitHub\GetTable\build\Release\libwebp.dll
C:\Users\Ins1derFT\Documents\GitHub\GetTable\build\Release\libsharpyuv.dll
C:\Users\Ins1derFT\Documents\GitHub\GetTable\build\Release\libwebpmux.dll
C:\Users\Ins1derFT\Documents\GitHub\GetTable\build\Release\opencv_imgcodecs4.dll
C:\Users\Ins1derFT\Documents\GitHub\GetTable\build\Release\opencv_imgproc4.dll
C:\Users\Ins1derFT\Documents\GitHub\GetTable\build\Release\opencv_core4.dll
C:\Users\Ins1derFT\Documents\GitHub\GetTable\build\Release\libwebpdecoder.dll
